{"uuid":"32422270-b345-4232-b717-82a2063f1571","historyId":"a60fff3cd98da3df837a3b8f33339936","fullName":"TestTurkcellTests.sortComputerAndTabletPrices","labels":[{"name":"package","value":"TestTurkcellTests"},{"name":"testClass","value":"TestTurkcellTests"},{"name":"testMethod","value":"sortComputerAndTabletPrices"},{"name":"parentSuite","value":"Default Suite"},{"name":"suite","value":"buseStajProject"},{"name":"subSuite","value":"TestTurkcellTests"},{"name":"host","value":"LAPTOP-UAQK1B6C"},{"name":"thread","value":"19012@LAPTOP-UAQK1B6C.main(1)"},{"name":"framework","value":"testng"},{"name":"language","value":"java"},{"name":"story","value":"Web sitesine giriş yap. Pasaj'da Pc-Tablet bölümündeki ürün fiyatlarını yüksekten düşüğe sırala ve kontrol et."},{"name":"severity","value":"normal"}],"links":[],"name":"Pc-Tablet fiyatlarını en yüksek fiyata göre sıralama.","status":"failed","statusDetails":{"known":false,"muted":false,"flaky":false,"message":" Fiyatlar doğru şekilde sıralanmadı. : Lists differ at element [0]: 5.82836929E8 != 7.249 expected [5.82836929E8] but found [7.249]","trace":"java.lang.AssertionError:  Fiyatlar doğru şekilde sıralanmadı. : Lists differ at element [0]: 5.82836929E8 != 7.249 expected [5.82836929E8] but found [7.249]\r\n\tat org.testng.Assert.fail(Assert.java:96)\r\n\tat org.testng.Assert.failNotEquals(Assert.java:776)\r\n\tat org.testng.Assert.assertEqualsImpl(Assert.java:137)\r\n\tat org.testng.Assert.assertEquals(Assert.java:831)\r\n\tat Pages.PasajPage.verifySortedPrices(PasajPage.java:131)\r\n\tat Pages.PasajPage.verifyPricesListedCorrectly(PasajPage.java:152)\r\n\tat TestTurkcellTests.sortComputerAndTabletPrices(TestTurkcellTests.java:58)\r\n\tat sun.reflect.NativeMethodAccessorImpl.invoke0(Native Method)\r\n\tat sun.reflect.NativeMethodAccessorImpl.invoke(NativeMethodAccessorImpl.java:62)\r\n\tat sun.reflect.DelegatingMethodAccessorImpl.invoke(DelegatingMethodAccessorImpl.java:43)\r\n\tat java.lang.reflect.Method.invoke(Method.java:498)\r\n\tat org.testng.internal.MethodInvocationHelper.invokeMethod(MethodInvocationHelper.java:124)\r\n\tat org.testng.internal.Invoker.invokeMethod(Invoker.java:583)\r\n\tat org.testng.internal.Invoker.invokeTestMethod(Invoker.java:719)\r\n\tat org.testng.internal.Invoker.invokeTestMethods(Invoker.java:989)\r\n\tat org.testng.internal.TestMethodWorker.invokeTestMethods(TestMethodWorker.java:125)\r\n\tat org.testng.internal.TestMethodWorker.run(TestMethodWorker.java:109)\r\n\tat org.testng.TestRunner.privateRun(TestRunner.java:648)\r\n\tat org.testng.TestRunner.run(TestRunner.java:505)\r\n\tat org.testng.SuiteRunner.runTest(SuiteRunner.java:455)\r\n\tat org.testng.SuiteRunner.runSequentially(SuiteRunner.java:450)\r\n\tat org.testng.SuiteRunner.privateRun(SuiteRunner.java:415)\r\n\tat org.testng.SuiteRunner.run(SuiteRunner.java:364)\r\n\tat org.testng.SuiteRunnerWorker.runSuite(SuiteRunnerWorker.java:52)\r\n\tat org.testng.SuiteRunnerWorker.run(SuiteRunnerWorker.java:84)\r\n\tat org.testng.TestNG.runSuitesSequentially(TestNG.java:1208)\r\n\tat org.testng.TestNG.runSuitesLocally(TestNG.java:1137)\r\n\tat org.testng.TestNG.runSuites(TestNG.java:1049)\r\n\tat org.testng.TestNG.run(TestNG.java:1017)\r\n\tat com.intellij.rt.testng.IDEARemoteTestNG.run(IDEARemoteTestNG.java:66)\r\n\tat com.intellij.rt.testng.RemoteTestNGStarter.main(RemoteTestNGStarter.java:109)\r\n"},"stage":"finished","description":"Pc-Tablet bölümündeki ürün fiyatlarını en yüksek fiyata göre sıralama ve kontol etme.","steps":[{"name":" Pc-Tablet bölümüne gidildi. ","status":"passed","stage":"finished","steps":[],"attachments":[],"parameters":[],"start":1693907683164,"stop":1693907693265},{"name":" En Yüksek Fiyata göre sırala seçenği seçildi. ","status":"passed","stage":"finished","steps":[],"attachments":[],"parameters":[],"start":1693907693265,"stop":1693907697626},{"name":"Fiyatların yüksekten düşüğe sıralandığı doğrulandı.","status":"failed","statusDetails":{"known":false,"muted":false,"flaky":false,"message":" Fiyatlar doğru şekilde sıralanmadı. : Lists differ at element [0]: 5.82836929E8 != 7.249 expected [5.82836929E8] but found [7.249]","trace":"java.lang.AssertionError:  Fiyatlar doğru şekilde sıralanmadı. : Lists differ at element [0]: 5.82836929E8 != 7.249 expected [5.82836929E8] but found [7.249]\r\n\tat org.testng.Assert.fail(Assert.java:96)\r\n\tat org.testng.Assert.failNotEquals(Assert.java:776)\r\n\tat org.testng.Assert.assertEqualsImpl(Assert.java:137)\r\n\tat org.testng.Assert.assertEquals(Assert.java:831)\r\n\tat Pages.PasajPage.verifySortedPrices(PasajPage.java:131)\r\n\tat Pages.PasajPage.verifyPricesListedCorrectly(PasajPage.java:152)\r\n\tat TestTurkcellTests.sortComputerAndTabletPrices(TestTurkcellTests.java:58)\r\n\tat sun.reflect.NativeMethodAccessorImpl.invoke0(Native Method)\r\n\tat sun.reflect.NativeMethodAccessorImpl.invoke(NativeMethodAccessorImpl.java:62)\r\n\tat sun.reflect.DelegatingMethodAccessorImpl.invoke(DelegatingMethodAccessorImpl.java:43)\r\n\tat java.lang.reflect.Method.invoke(Method.java:498)\r\n\tat org.testng.internal.MethodInvocationHelper.invokeMethod(MethodInvocationHelper.java:124)\r\n\tat org.testng.internal.Invoker.invokeMethod(Invoker.java:583)\r\n\tat org.testng.internal.Invoker.invokeTestMethod(Invoker.java:719)\r\n\tat org.testng.internal.Invoker.invokeTestMethods(Invoker.java:989)\r\n\tat org.testng.internal.TestMethodWorker.invokeTestMethods(TestMethodWorker.java:125)\r\n\tat org.testng.internal.TestMethodWorker.run(TestMethodWorker.java:109)\r\n\tat org.testng.TestRunner.privateRun(TestRunner.java:648)\r\n\tat org.testng.TestRunner.run(TestRunner.java:505)\r\n\tat org.testng.SuiteRunner.runTest(SuiteRunner.java:455)\r\n\tat org.testng.SuiteRunner.runSequentially(SuiteRunner.java:450)\r\n\tat org.testng.SuiteRunner.privateRun(SuiteRunner.java:415)\r\n\tat org.testng.SuiteRunner.run(SuiteRunner.java:364)\r\n\tat org.testng.SuiteRunnerWorker.runSuite(SuiteRunnerWorker.java:52)\r\n\tat org.testng.SuiteRunnerWorker.run(SuiteRunnerWorker.java:84)\r\n\tat org.testng.TestNG.runSuitesSequentially(TestNG.java:1208)\r\n\tat org.testng.TestNG.runSuitesLocally(TestNG.java:1137)\r\n\tat org.testng.TestNG.runSuites(TestNG.java:1049)\r\n\tat org.testng.TestNG.run(TestNG.java:1017)\r\n\tat com.intellij.rt.testng.IDEARemoteTestNG.run(IDEARemoteTestNG.java:66)\r\n\tat com.intellij.rt.testng.RemoteTestNGStarter.main(RemoteTestNGStarter.java:109)\r\n"},"stage":"finished","steps":[],"attachments":[],"parameters":[],"start":1693907697626,"stop":1693907698602}],"attachments":[],"parameters":[],"start":1693907678064,"stop":1693907698714}